<?xml version="1.0" encoding="UTF-8"?>
<!-- Generated by org.testng.reporters.JUnitXMLReporter -->
<testsuite hostname="AIPL2654LT04778" ignored="0" name="Surefire test" tests="4" failures="0" timestamp="01 Jun 2020 09:43:37 GMT" time="0.093" errors="0">
  <testcase name="fileTest1" time="0.017" classname="Automation.MavenProject.MyJavaFiles1"/>
  <testcase name="fileTest2" time="0.001" classname="Automation.MavenProject.MyJavaFiles1"/>
  <testcase name="fileTest1" time="0.001" classname="Automation.MavenProject.MyJavaFiles2"/>
  <testcase name="fileTest2" time="0.001" classname="Automation.MavenProject.MyJavaFiles2"/>
</testsuite> <!-- Surefire test -->
