<?xml version="1.0" encoding="UTF-8"?>
<!-- Generated by org.testng.reporters.JUnitXMLReporter -->
<testsuite hostname="AIPL2654LT04778" ignored="2" name="Default test" tests="1" failures="0" timestamp="2020-06-01T14:21:00 IST" time="0.146" errors="0">
  <testcase name="Test1" time="0.032" classname="Automation.MavenProject.Java1"/>
  <testcase name="Test2" time="0.0" classname="Automation.MavenProject.Java1">
    <ignored/>
  </testcase> <!-- Test2 -->
  <testcase name="Test3" time="0.0" classname="Automation.MavenProject.Java1">
    <ignored/>
  </testcase> <!-- Test3 -->
</testsuite> <!-- Default test -->
