<?xml version="1.0" encoding="UTF-8"?>
<!-- Generated by org.testng.reporters.JUnitXMLReporter -->
<testsuite hostname="AIPL2654LT04778" ignored="0" name="Test" tests="10" failures="0" timestamp="02 Jun 2020 12:13:12 GMT" time="0.072" errors="0">
  <testcase name="Test1" time="0.011" classname="Automation.MavenProject.Java1Test"/>
  <testcase name="Test2" time="0.001" classname="Automation.MavenProject.Java1Test"/>
  <testcase name="Test3" time="0.0" classname="Automation.MavenProject.Java1Test"/>
  <testcase name="fileTest1" time="0.0" classname="Automation.MavenProject.MyJavaFiles2"/>
  <testcase name="fileTest2" time="0.0" classname="Automation.MavenProject.MyJavaFiles2"/>
  <testcase name="Test1" time="0.001" classname="Automation.MavenProject.Java2Test"/>
  <testcase name="Test2" time="0.0" classname="Automation.MavenProject.Java2Test"/>
  <testcase name="Test3" time="0.001" classname="Automation.MavenProject.Java2Test"/>
  <testcase name="fileTest1" time="0.0" classname="Automation.MavenProject.MyJavaFiles1"/>
  <testcase name="fileTest2" time="0.001" classname="Automation.MavenProject.MyJavaFiles1"/>
</testsuite> <!-- Test -->
