<?xml version="1.0" encoding="UTF-8"?>
<testng-results skipped="0" failed="0" ignored="0" total="10" passed="10">
  <reporter-output>
  </reporter-output>
  <suite name="Suite" duration-ms="72" started-at="2020-06-02T12:13:12Z" finished-at="2020-06-02T12:13:12Z">
    <groups>
    </groups>
    <test name="Test" duration-ms="72" started-at="2020-06-02T12:13:12Z" finished-at="2020-06-02T12:13:12Z">
      <class name="Automation.MavenProject.Java2Test">
        <test-method status="PASS" signature="Test1()[pri:0, instance:Automation.MavenProject.Java2Test@1445d7f]" name="Test1" duration-ms="1" started-at="2020-06-02T12:13:12Z" finished-at="2020-06-02T12:13:12Z">
          <reporter-output>
          </reporter-output>
        </test-method> <!-- Test1 -->
        <test-method status="PASS" signature="Test2()[pri:0, instance:Automation.MavenProject.Java2Test@1445d7f]" name="Test2" duration-ms="0" started-at="2020-06-02T12:13:12Z" finished-at="2020-06-02T12:13:12Z">
          <reporter-output>
          </reporter-output>
        </test-method> <!-- Test2 -->
        <test-method status="PASS" signature="Test3()[pri:0, instance:Automation.MavenProject.Java2Test@1445d7f]" name="Test3" duration-ms="1" started-at="2020-06-02T12:13:12Z" finished-at="2020-06-02T12:13:12Z">
          <reporter-output>
          </reporter-output>
        </test-method> <!-- Test3 -->
      </class> <!-- Automation.MavenProject.Java2Test -->
      <class name="Automation.MavenProject.Java1Test">
        <test-method status="PASS" signature="Test1()[pri:0, instance:Automation.MavenProject.Java1Test@1606c0b]" name="Test1" duration-ms="11" started-at="2020-06-02T12:13:12Z" finished-at="2020-06-02T12:13:12Z">
          <reporter-output>
          </reporter-output>
        </test-method> <!-- Test1 -->
        <test-method status="PASS" signature="Test2()[pri:0, instance:Automation.MavenProject.Java1Test@1606c0b]" name="Test2" duration-ms="1" started-at="2020-06-02T12:13:12Z" finished-at="2020-06-02T12:13:12Z">
          <reporter-output>
          </reporter-output>
        </test-method> <!-- Test2 -->
        <test-method status="PASS" signature="Test3()[pri:0, instance:Automation.MavenProject.Java1Test@1606c0b]" name="Test3" duration-ms="0" started-at="2020-06-02T12:13:12Z" finished-at="2020-06-02T12:13:12Z">
          <reporter-output>
          </reporter-output>
        </test-method> <!-- Test3 -->
      </class> <!-- Automation.MavenProject.Java1Test -->
      <class name="Automation.MavenProject.MyJavaFiles1">
        <test-method status="PASS" signature="fileTest1()[pri:0, instance:Automation.MavenProject.MyJavaFiles1@396c1e]" name="fileTest1" duration-ms="0" started-at="2020-06-02T12:13:12Z" finished-at="2020-06-02T12:13:12Z">
          <reporter-output>
          </reporter-output>
        </test-method> <!-- fileTest1 -->
        <test-method status="PASS" signature="fileTest2()[pri:0, instance:Automation.MavenProject.MyJavaFiles1@396c1e]" name="fileTest2" duration-ms="1" started-at="2020-06-02T12:13:12Z" finished-at="2020-06-02T12:13:12Z">
          <reporter-output>
          </reporter-output>
        </test-method> <!-- fileTest2 -->
      </class> <!-- Automation.MavenProject.MyJavaFiles1 -->
      <class name="Automation.MavenProject.MyJavaFiles2">
        <test-method status="PASS" signature="fileTest1()[pri:0, instance:Automation.MavenProject.MyJavaFiles2@ec1f8]" name="fileTest1" duration-ms="0" started-at="2020-06-02T12:13:12Z" finished-at="2020-06-02T12:13:12Z">
          <reporter-output>
          </reporter-output>
        </test-method> <!-- fileTest1 -->
        <test-method status="PASS" signature="fileTest2()[pri:0, instance:Automation.MavenProject.MyJavaFiles2@ec1f8]" name="fileTest2" duration-ms="0" started-at="2020-06-02T12:13:12Z" finished-at="2020-06-02T12:13:12Z">
          <reporter-output>
          </reporter-output>
        </test-method> <!-- fileTest2 -->
      </class> <!-- Automation.MavenProject.MyJavaFiles2 -->
    </test> <!-- Test -->
  </suite> <!-- Suite -->
</testng-results>
