<?xml version="1.0" encoding="UTF-8"?>
<testng-results skipped="0" failed="0" ignored="2" total="3" passed="1">
  <reporter-output>
  </reporter-output>
  <suite name="Default suite" duration-ms="146" started-at="2020-06-01T14:21:00 IST" finished-at="2020-06-01T14:21:00 IST">
    <groups>
    </groups>
    <test name="Default test" duration-ms="146" started-at="2020-06-01T14:21:00 IST" finished-at="2020-06-01T14:21:00 IST">
      <class name="Automation.MavenProject.Java1">
        <test-method status="PASS" signature="Test1()[pri:0, instance:Automation.MavenProject.Java1@3a883ce7]" name="Test1" duration-ms="32" started-at="2020-06-01T14:21:00 IST" finished-at="2020-06-01T14:21:00 IST">
          <reporter-output>
          </reporter-output>
        </test-method> <!-- Test1 -->
      </class> <!-- Automation.MavenProject.Java1 -->
    </test> <!-- Default test -->
  </suite> <!-- Default suite -->
</testng-results>
